                                                                      
 ******************************************************************** 
 pppppppppppppppppppppppppppppppppppppppppppppppppppppppppppppppppp * 
 p                                                                p * 
 p                                                                p * 
 p                                                                p * 
 p                                                                p * 
 p                                                                p * 
 p                                                                p * 
 p                                                                p * 
 p                                                                p * 
 p                                                                p * 
 p                                                                p * 
 p            qqqqqqqqqqqqqqqqqqqqqqqqqqqqqqqqqqqqqqqqqqqq        p * 
 p            q                                          q        p * 
 p            q                                          q        p * 
 p            q                                          q        p * 
 p            q                                          q        p * 
 p            q                                          q        p * 
 p            q                                          q        p * 
 p            q     rrr                                  q        p * 
 p            q     r r                                  q        p * 
 p            q     rrr                                  q        p * 
 p            q                                          q        p * 
 p            q                                          q        p * 
 p            q                                          q        p * 
 p            q                                          q        p * 
 p            q                                          q        p * 
 p            q                                          q        p * 
 p            q                                          q        p * 
 p            q               ss                         q        p * 
 p            q               ss                         q        p * 
 p            q                                          q        p * 
 p            q                                          q        p * 
 p            q                                          q        p * 
 p            q                                          q        p * 
 p            q                                          q        p * 
 p            q                                          q        p * 
 p            q                                          q        p * 
 p            q                                          q        p * 
 p            q                         t                q        p * 
 p            q                                          q        p * 
 p            q                                          q        p * 
 p            q                                          q        p * 
 p            q                                          q        p * 
 p            q                                          q        p * 
 p            q                                          q        p * 
 p            q                                          q        p * 
 p            q                                          q        p * 
 p            q                                          q        p * 
 p            q                                          q        p * 
 p            q                                          q        p * 
 p            q                                          q        p * 
 p            q                                          q        p * 
 p            q                                          q        p * 
 p            q                                          q        p * 
 p            q                                          q        p * 
 p            q                                          q        p * 
 p            qqqqqqqqqqqqqqqqqqqqqqqqqqqqqqqqqqqqqqqqqqqq        p * 
 p                                                                p * 
 p                                                                p * 
 p                                                                p * 
 p                                                                p * 
 p                                                                p * 
 p                                                                p * 
 pppppppppppppppppppppppppppppppppppppppppppppppppppppppppppppppppp * 
 *                                                                  * 
 *                                                                  * 
 ******************************************************************** 
                                                                      

