! XPM2
150 112 8 1
  c #FFFFFF
# c #000000
- c #7F7FFF
| c #7F7FFF
* c #0000FF
. c #7F7F7F
o c #BFBFBF
X c #FF0000
                                                                                                                                                      
                                                                                                                                                      
                                                                                                                                                      
                                                                                                                                                      
                                                                                                                                                      
                                                                                                                                                      
                                                                                                                                                      
                                                                                                                                                      
                                                                                                                                                      
                                                                                                                                                      
                                                                                                                                                      
                                                                                                                                                      
                                                                                                                                                      
                                                                                                                                                      
                                                                                                                                                      
                                                                                                                                                      
                                                                                                                                                      
                                                                                                                                                      
                                                                                                                                                      
                                                                                                                                                      
                                                                                                                                                      
                                                                                                                                                      
                                                                                                                                                      
                                                                                                                                                      
                                                                                                                                                      
                                                                                                                                                      
                                                                                                                                                      
                                                                                                                                                      
                                                                                                                                                      
                                                                                                                                                      
                                                                                                                                                      
                                                                                                                                                      
                                                ###########           ############################################                                    
                                                #    *    #           #    *    ##    |    ##         ##         #                                    
                                                # 11*|*   #           # 03*|*   ## 08 |    ## 09      ## 10      #                                    
                                                # 2  |    #           # 0  |    ## 1  |    ## 1       ## 1       #                                    
                                                #    |    #           #    |    ##    |  * ##       * ##       * #                                    
                                                #    |    #           #    |----##--------*##--------*##--------*#                                    
                                                #    |    #           #    |    ##       * ##    |  * ##       * #                                    
                                                #    |    #           #    |    ##         ##    |    ##         #                                    
                                                #    |    #           #    |    ##         ##    |    ##         #                                    
                                                #    |    #           #    |    ##         ##    |    ##         #                                    
                                                ###########           ############################################                                    
                          #######################################################           ###########                                               
                          #         ##         ##    |    ##         ##    *    #           #    |    #                                               
                          # 07      ## 06      ## 05 |    ## 04      ## 02*|*   #           # 14 |    #                                               
                          # 1       ## 1       ## 1  |    ## 1       ## 0  |    #           # 2  |    #                                               
                          # *       ## *       ## *  |    ## *       ##    |    #           #    |    #                                               
                          #*--------##*--------##*--------##*--------##----|    #           #    |    #                                               
                          # *  |    ## *       ## *       ## *       ##    |    #           #    |    #                                               
                          #    |    ##         ##         ##         ##    |    #           #    |    #                                               
                          #    |    ##         ##         ##         ##    |    #           #   *|*   #                                               
                          #    |    ##         ##         ##         ##    |    #           #    *    #                                               
                          #######################################################           ###########                                               
                          ###########                                 ###########           ###########                                               
                          #    |    #                                 #    *    #           #    |    #                                               
                          # 12 |    #                                 # 01*|*   #           # 15 |    #                                               
                          # 2  |    #                                 # 0  |    #           # 2  |    #                                               
                          #    |    #                                 #    |    #           #    |    #                                               
                          #    |    #                                 #    |    #           #    |    #                                               
                          #    |    #                                 #    |    #           #    |    #                                               
                          #    |    #                                 #    |    #           #    |    #                                               
                          #   *|*   #                                 #    |    #           #   *|*   #                                               
                          #    *    #                                 #    |    #           #    *    #                                               
                          ###########                                 ###########           ###########                                               
                          ######################                      ###########           ###########                                               
                          #    |    ##         #                      #    *    #           #    |    #                                               
                          # 13 |    ## 19      #                      # 00*|*   #           # 16 |    #                                               
                          # 2  |    ## 3       #                      # 0  |    #           # 2  |    #                                               
                          #    |    ##       * #                      #    |    #           #    |    #                                               
                          #    |----##--------*#                      #    |    #           #    |    #                                               
                          #    |    ##       * #                      #    |    #           #    |    #                                               
                          #    |    ##         #                      #    |    #           #    |    #                                               
                          #   *|*   ##         #                      #    |    #           #   *|*   #                                               
                          #    *    ##         #                      #    |    #           #    *    #                                               
                          ######################                      #####X#####           ###########                                               
                                                                                            ###########                                               
                                                                                            #    |    #                                               
                                                                                            # 17 |    #                                               
                                                                                            # 2  |    #                                               
                                                                                            #    |    #                                               
                                                                                            #    |    #                                               
                                                                                            #    |    #                                               
                                                                                            #    |    #                                               
                                                                                            #   *|*   #                                               
                                                                                            #    *    #                                               
                                                                                            ###########                                               
                                                                                            ###########                                               
                                                                                            #    |    #                                               
                                                                                            # 18 |    #                                               
                                                                                            # 2  |    #                                               
                                                                                            #    |    #                                               
                                                                                            #----|    #                                               
                                                                                            #    |    #                                               
                                                                                            #    |    #                                               
                                                                                            #   *|*   #                                               
                                                                                            #    *    #                                               
                                                                                            ###########                                               
                                                                                                                                                      
                                                                                                                                                      
                                                                                                                                                      
                                                                                                                                                      
                                                                                                                                                      
                                                                                                                                                      
                                                                                                                                                      
                                                                                                                                                      
                                                                                                                                                      
                                                                                                                                                      
                                                                                                                                                      
                                                                                                                                                      
                                                                                                                                                      
                                                                                                                                                      
! XPM2
150 112 8 1
  c #FFFFFF
# c #000000
- c #7F7FFF
| c #7F7FFF
* c #0000FF
. c #7F7F7F
o c #BFBFBF
X c #FF0000
                                                                                                                                                      
                                                                                                                                                      
                                                                                                                                                      
                                                                                                                                                      
                                                                                                                                                      
                                                                                                                                                      
                                                                                                                                                      
                                                                                                                                                      
                                                                                                                                                      
                                                                                                                                                      
                   ##########                       ###########################                                                                       
              #####    ##    #####             #####    ##         ##    *    #                                                                       
  ############ 10      ## 09      ############# 07      ## 06      ## 05*|*   #                                                                       
  #         ## 1       ## 1       ##         ## 1       ## 1       ## 0  |    #                                                                       
  # 11      ##         ##         ## 08      ##         ## *       ##    |    #                                                                       
  # 1       ## *       ## *       ## 1       ## *       ##*--------##----|    #                                                                       
  # *       ##*--------##*--------## *       ##*--------## *       ##    |    #                                                                       
  #*--------## *       ## *       ##*--------## *       ##         ##    |    #                                                                       
  # *  |    ##         ##         ## *       ##         ##         ##    |    #                                                                       
  #    |    ##         ##         ##         ##         ##         ##    |    #                                                                       
  #    |    ##         ##         ##         ##         #######################                                                                       
  #    |    ##    #####  #####    ##         ##    #####            ###########                                                                       
  ################            #####################                 #     *    #                                                                      
  ###########                                                       # 04 *|*   #                                                                      
  #    |    #                                                       # 0   |    #                                                                      
  # 12 |    #                                                       #     |    #                                                                      
  # 2  |    #                                                        #    |    #                                                                      
  #    |    #                                                        #    |     #                                                                     
  #    |    #                                                        #    |     #                                                                     
  #    |    #                                                        #    |     #                                                                     
  #    |    #                                                        #    |     #                                                                     
  #   *|*   #                                                         ###########                                                                     
  #    *    #                                                         ###########                                                                     
  ###########                                                        #    *     #                                                                     
  ###########                                                        #03 *|*    #                                                                     
  #     |    #                                                       #0   |     #                                                                     
  # 13  |    #                                                       #    |     #                                                                     
  # 2   |    #                                                       #    |    #                                                                      
  #     |    #                                                      #     |    #                                                                      
   #    |    #                                                      #     |    #                                                                      
   #    |     #                                                     #     |    #                                                                      
   #    |     #                                                     #     |    #                                                                      
   #   *|*    #                                                     ###########                                                                       
   #    *     #                                                     ###########                                                                       
    ###########                                                     #    *    #                                                                       
    ###########                                                     # 02*|*   #                                                                       
    #    |    #                                                     # 0  |    #                                                                       
    # 14 |    #                                                     #    |    #                                                                       
    # 2  |    #                                                     #    |    #                                                                       
    #    |    #                                                     #    |    #                                                                       
    #    |    #                                                     #    |    #                                                                       
    #    |    #                                                     #    |    #                                                                       
    #    |    #                                                     #    |    #                                                                       
    #   *|*   #                                                     ###########                                                                       
    #    *    #                                                     ###########                                                                       
    ###########                                                     #     *    #                                                                      
    ###########                                                     # 01 *|*   #                                                                      
   #    |     #                                                     # 0   |    #                                                                      
   #15  |     #                                                     #     |    #                                                                      
   #2   |     #                                                      #    |    #                                                                      
   #    |     #                                                      #    |     #                                                                     
   #    |    #                                                       #    |     #                                                                     
  #     |    #                                                       #    |     #                                                                     
  #     |    #                                                       #    |     #                                                                     
  #    *|*   #                                                        ###########                                                                     
  #     *    #                                                        ###########                                                                     
  ###########                                                         #    *    #                                                                     
  ###########                                                         # 00*|*   #                                                                     
  #     |    #                                                        # 0  |    #                                                                     
  # 16  |    #                                                        #    |    #                                                                     
  # 2   |    #                                                        #    |    #                                                                     
  #     |    #                                                        #    |    #                                                                     
   #    |    #                                                        #    |    #                                                                     
   #    |     #                                                       #    |    #                                                                     
   #    |     #                                                       #    |    #                                                                     
   #   *|*    #                                                       #####X#####                                                                     
   #    *     #                 #####################            #####                                                                                
    ###########            #####    ##         ##    #####  #####    #                                                                                
    ####################### 19      ## 20      ## 21      ## 22      #                                                                                
    #    |    ##         ## 3       ## 3       ## 3       ## 3       #                                                                                
    # 17 |    ## 18      ##         ##       * ##         ##         #                                                                                
    # 2  |    ## 3       ##       * ##--------*##       * ##       * #                                                                                
    #    |    ##       * ##--------*##       * ##--------*##--------*#                                                                                
    #    |----##--------*##       * ##         ##       * ##       * #                                                                                
    #    |    ##       * ##         ##         ##         ##         #                                                                                
    #    |    ##         ##         ##         ##         ##         #                                                                                
    #   *|*   ##         ##         #############         ##         #                                                                                
    #    *    ##         ##    #####             #####    ##    #####                                                                                 
    ###########################                       ##########                                                                                      
                                                                                                                                                      
                                                                                                                                                      
                                                                                                                                                      
                                                                                                                                                      
                                                                                                                                                      
                                                                                                                                                      
                                                                                                                                                      
                                                                                                                                                      
                                                                                                                                                      
                                                                                                                                                      
                                                                                                                                                      
                                                                                                                                                      
                                                                                                                                                      
                                                                                                                                                      
                                                                                                                                                      
                                                                                                                                                      
                                                                                                                                                      
                                                                                                                                                      
                                                                                                                                                      
                                                                                                                                                      
                                                                                                                                                      
                                                                                                                                                      
                                                                                                                                                      
! XPM2
150 112 8 1
  c #FFFFFF
# c #000000
- c #7F7FFF
| c #7F7FFF
* c #0000FF
. c #7F7F7F
o c #BFBFBF
X c #FF0000
                                                                                                                                                      
                                                                                                                                                      
                                                                                                                                                      
                                                                                                                                                      
                                                                                                                                                      
                                                                                                                                                      
                                                                                                                                                      
                                                                                                                                                      
                                                                                                                                                      
                                                                                                                                                      
                                                                                                                                                      
                                                                                                                                                      
                                                                                                                                                      
                                                                                                                                                      
                                                                                                                                                      
                                                                                                                                                      
                                                                                                                                                      
                                                                                                                                                      
                                                                                                                                                      
                                                                                                                                                      
                                                                                                                                                      
                                                                                                                                                      
                                                                                                                                                      
                                                                                                                                                      
                                                                                                                                                      
                                                                                                                                                      
                                                                                                                                                      
                                                                                                                                                      
                                                                                                                                                      
                                                                                                                                                      
                                                                                                                                                      
                                                                                                                                                      
                                                                                                                                                      
                                                                                                                                                      
                                                                                                                                                      
                                                                                                                                                      
                                                                                                                                                      
                                                                                                                                                      
                                                                                                                                                      
                                                                                                                                                      
                                                                                                                                                      
                                                                                                                                                      
                                                                                                                                                      
                                                                                                                                                      
                                                                                                                                                      
                                                                    #########################                                                         
                                                                   #      ##         ##      #                                                        
                                                                  #       ##         ##       #                                                       
                                                                 #        ##         ##        #                                                      
                                                                #         ##       * ##         #                                                     
                                                               #        * ##--------*##          #                                                    
                                                              ##---------*##       * ##         ###                                                   
                                                             # ##       * ##         ##        ##  #                                                  
                                                            #   ##        ##         ##       ##    #                                                 
                                                           #     ##       ##         ##      ##      #                                                
                                                          #       ##    #################   ##        #                                               
                                                         #         ##  #                 # ##          #                                              
                                                        #           ###                   ##            #                                             
                                                       #             #                     #             #                                            
                                                      ##            #                       #           ###                                           
                                                     # ##          #                         #         ##| #                                          
                                                    #   ##        #                           #       ## |  #                                         
                                                   #     ##      #                             #     ##  |   #                                        
                                                  #       ##    #                               #   ##   |    #                                       
                                                 #         ##  #                                 # ##    |     #                                      
                                                 #          ###                                   ##     |     #                                      
                                                 #           #                                     #     |     #                                      
                                                 #          #                                       #    |     #                                      
                                                 #         #                                         #  *|*    #                                      
                                                 #         #                                         #   *     #                                      
                                                 ###########                                         ###########                                      
                                                 ###########                                         ###########                                      
                                                 #    *    #                                         #    |    #                                      
                                                 #   *|*   #                                         #    |    #                                      
                                                 #    |    #                                         #    |    #                                      
                                                 #    |    #               X                         #    |    #                                      
                                                 #    |    #                                         #    |    #                                      
                                                 #    |    #                                         #    |    #                                      
                                                 #    |    #                                         #    |    #                                      
                                                 #    |    #                                         #   *|*   #                                      
                                                 #    |    #                                         #    *    #                                      
                                                 ###########                                         ###########                                      
                                                 ###########                                         ###########                                      
                                                 #     *   #                                         #         #                                      
                                                 #    *|*  #                                         #         #                                      
                                                 #     |    #                                       #          #                                      
                                                 #     |     #                                     #           #                                      
                                                 #     |     ##                                   ###          #                                      
                                                 #     |    ## #                                 #  ##         #                                      
                                                  #    |   ##   #                               #    ##       #                                       
                                                   #   |  ##     #                             #      ##     #                                        
                                                    #  | ##       #                           #        ##   #                                         
                                                     # |##         #                         #          ## #                                          
                                                      ###           #                       #            ##                                           
                                                       #             #                     #             #                                            
                                                        #            ##                   ###           #                                             
                                                         #          ## #                 #  ##         #                                              
                                                          #        ##   #################    ##       #                                               
                                                           #      ##      ##         ##       ##     #                                                
                                                            #    ##       ##         ##        ##   #                                                 
                                                             #  ##        ##         ## *       ## #                                                  
                                                              ###         ## *       ##*---------##                                                   
                                                               #          ##*--------## *        #                                                    
                                                                #         ## *       ##         #                                                     
                                                                 #        ##         ##        #                                                      
                                                                  #       ##         ##       #                                                       
                                                                   #      ##         ##      #                                                        
                                                                    #########################                                                         
                                                                                                                                                      
                                                                                                                                                      
                                                                                                                                                      
                                                                                                                                                      
! XPM2
150 112 8 1
  c #FFFFFF
# c #000000
- c #7F7FFF
| c #7F7FFF
* c #0000FF
. c #7F7F7F
o c #BFBFBF
X c #FF0000
                                                                                                                                                      
                                                                                                                                                      
                                                                                                                                                      
                                                                                                                                                      
                                                                                                                                                      
                                                                                                                                                      
                                                                                                                                                      
                                                                                                                                                      
                                                                                                                                                      
                                                                                                                                                      
                                                                                                                                                      
                                                                                                                                                      
                                                                                                                                                      
                                                                                                                                                      
                                                                                                                                                      
                                                                                                                                                      
                                                                                                                                                      
                                                                                                                                                      
                                                                                                                                                      
                                                                                                                                                      
                                                                                                                                                      
                                                                                                                                                      
                                                                                                                                                      
                                                                                                                                                      
                                                                                                                                                      
                                                                                                                                                      
                                                                                                                                                      
                                                                                                                                                      
                                                                                                                                                      
                                                                                                                                                      
                                                                                                                                                      
                                                                                                                                                      
                                                                                                                                                      
                                                                                                                                                      
                                                                                                                                                      
                                                                                                                                                      
                                                                                                                                                      
                                                                                                                                                      
                                                                                                                                                      
                                                                                                                                                      
                                                                                                                                                      
                                                                                                                                                      
                                                                                                                                                      
                                                                    #########################                                                         
                                                                   #      ##         ##      #                                                        
                                                                  #       ##         ##       #                                                       
                                                                 #        ##         ##        #                                                      
                                                                #         ## *       ##         #                                                     
                                                               #          ##*--------## *        #                                                    
                                                              ###         ## *       ##*---------##                                                   
                                                             #  ##        ##         ## *       ## #                                                  
                                                            #    ##       ##         ##        ##   #                                                 
                                                           #      ##      ##         ##       ##     #                                                
                                                          #        ##   #################    ##       #                                               
                                                         #          ## #                 #  ##         #                                              
                                                        #            ##                   ###           #                                             
                                                       #             #                     #             #                                            
                                                      ###           #                       #            ##                                           
                                                     # |##         #                         #          ## #                                          
                                                    #  | ##       #                           #        ##   #                                         
                                                   #   |  ##     #                             #      ##     #                                        
                                                  #    |   ##   #                               #    ##       #                                       
                                                 #     |    ## #                                 #  ##         #                                      
                                                 #     |     ##                                   ###          #                                      
                                                 #     |     #                                     #           #                                      
                                                 #     |    #                                       #          #                                      
                                                 #    *|*  #                                         #         #                                      
                                                 #     *   #                                         #         #                                      
                                                 ###########                                         ###########                                      
                                                 ###########                                         ###########                                      
                                                 #    |    #                                         #    *    #                                      
                                                 #    |    #                                         #   *|*   #                                      
                                                 #    |    #                                         #    |    #                                      
                                                 #    |    #                                         #    |    #                                      
                                                 #    |    #                                         #    |    #                                      
                                                 #    |    #               X                         #    |    #                                      
                                                 #    |    #                                         #    |    #                                      
                                                 #   *|*   #                                         #    |    #                                      
                                                 #    *    #                                         #    |    #                                      
                                                 ###########                                         ###########                                      
                                                 ###########                                         ###########                                      
                                                 #         #                                         #   *     #                                      
                                                 #         #                                         #  *|*    #                                      
                                                 #          #                                       #    |     #                                      
                                                 #           #                                     #     |     #                                      
                                                 #          ###                                   ##     |     #                                      
                                                 #         ##  #                                 # ##    |     #                                      
                                                  #       ##    #                               #   ##   |    #                                       
                                                   #     ##      #                             #     ##  |   #                                        
                                                    #   ##        #                           #       ## |  #                                         
                                                     # ##          #                         #         ##| #                                          
                                                      ##            #                       #           ###                                           
                                                       #             #                     #             #                                            
                                                        #           ###                   ##            #                                             
                                                         #         ##  #                 # ##          #                                              
                                                          #       ##    #################   ##        #                                               
                                                           #     ##       ##         ##      ##      #                                                
                                                            #   ##        ##         ##       ##    #                                                 
                                                             # ##       * ##         ##        ##  #                                                  
                                                              ##---------*##       * ##         ###                                                   
                                                               #        * ##--------*##          #                                                    
                                                                #         ##       * ##         #                                                     
                                                                 #        ##         ##        #                                                      
                                                                  #       ##         ##       #                                                       
                                                                   #      ##         ##      #                                                        
                                                                    #########################                                                         
                                                                                                                                                      
                                                                                                                                                      
                                                                                                                                                      
                                                                                                                                                      
                                                                                                                                                      
                                                                                                                                                      

